
code.elf:     file format elf32-avr


Disassembly of section .text:

00000000 <__vectors>:
   0:	0c 94 24 01 	jmp	0x248	; 0x248 <__ctors_end>
   4:	0c 94 41 01 	jmp	0x282	; 0x282 <__bad_interrupt>
   8:	0c 94 41 01 	jmp	0x282	; 0x282 <__bad_interrupt>
   c:	0c 94 41 01 	jmp	0x282	; 0x282 <__bad_interrupt>
  10:	0c 94 41 01 	jmp	0x282	; 0x282 <__bad_interrupt>
  14:	0c 94 41 01 	jmp	0x282	; 0x282 <__bad_interrupt>
  18:	0c 94 41 01 	jmp	0x282	; 0x282 <__bad_interrupt>
  1c:	0c 94 41 01 	jmp	0x282	; 0x282 <__bad_interrupt>
  20:	0c 94 41 01 	jmp	0x282	; 0x282 <__bad_interrupt>
  24:	0c 94 41 01 	jmp	0x282	; 0x282 <__bad_interrupt>
  28:	0c 94 41 01 	jmp	0x282	; 0x282 <__bad_interrupt>
  2c:	0c 94 41 01 	jmp	0x282	; 0x282 <__bad_interrupt>
  30:	0c 94 41 01 	jmp	0x282	; 0x282 <__bad_interrupt>
  34:	0c 94 41 01 	jmp	0x282	; 0x282 <__bad_interrupt>
  38:	0c 94 41 01 	jmp	0x282	; 0x282 <__bad_interrupt>
  3c:	0c 94 41 01 	jmp	0x282	; 0x282 <__bad_interrupt>
  40:	0c 94 41 01 	jmp	0x282	; 0x282 <__bad_interrupt>
  44:	0c 94 41 01 	jmp	0x282	; 0x282 <__bad_interrupt>
  48:	0c 94 41 01 	jmp	0x282	; 0x282 <__bad_interrupt>
  4c:	0c 94 41 01 	jmp	0x282	; 0x282 <__bad_interrupt>
  50:	0c 94 41 01 	jmp	0x282	; 0x282 <__bad_interrupt>
  54:	0c 94 41 01 	jmp	0x282	; 0x282 <__bad_interrupt>
  58:	0c 94 41 01 	jmp	0x282	; 0x282 <__bad_interrupt>
  5c:	0c 94 41 01 	jmp	0x282	; 0x282 <__bad_interrupt>
  60:	0c 94 41 01 	jmp	0x282	; 0x282 <__bad_interrupt>
  64:	0c 94 41 01 	jmp	0x282	; 0x282 <__bad_interrupt>

00000068 <CHARSET>:
  68:	00 00 00 00 00 00 00 5f 00 00 00 07 00 07 00 14     ......._........
  78:	7f 14 7f 14 24 2a 7f 2a 12 23 13 08 64 62 36 49     ....$*.*.#..db6I
  88:	55 22 50 00 05 03 00 00 00 1c 22 41 00 00 41 22     U"P......."A..A"
  98:	1c 00 14 08 3e 08 14 08 08 3e 08 08 00 50 30 00     ....>....>...P0.
  a8:	00 08 08 08 08 08 00 60 60 00 00 20 10 08 04 02     .......``.. ....
  b8:	3e 51 49 45 3e 00 42 7f 40 00 42 61 51 49 46 21     >QIE>.B.@.BaQIF!
  c8:	41 45 4b 31 18 14 12 7f 10 27 45 45 45 39 3c 4a     AEK1.....'EEE9<J
  d8:	49 49 30 01 71 09 05 03 36 49 49 49 36 06 49 49     II0.q...6III6.II
  e8:	29 1e 00 36 36 00 00 00 56 36 00 00 08 14 22 41     )..66...V6...."A
  f8:	00 14 14 14 14 14 00 41 22 14 08 02 01 51 09 06     .......A"....Q..
 108:	32 49 79 41 3e 7e 11 11 11 7e 7f 49 49 49 36 3e     2IyA>~...~.III6>
 118:	41 41 41 22 7f 41 41 22 1c 7f 49 49 49 41 7f 09     AAA".AA"..IIIA..
 128:	09 09 01 3e 41 49 49 7a 7f 08 08 08 7f 00 41 7f     ...>AIIz......A.
 138:	41 00 20 40 41 3f 01 7f 08 14 22 41 7f 40 40 40     A. @A?...."A.@@@
 148:	40 7f 02 0c 02 7f 7f 04 08 10 7f 3e 41 41 41 3e     @..........>AAA>
 158:	7f 09 09 09 06 3e 41 51 21 5e 7f 09 19 29 46 46     .....>AQ!^...)FF
 168:	49 49 49 31 01 01 7f 01 01 3f 40 40 40 3f 1f 20     III1.....?@@@?. 
 178:	40 20 1f 3f 40 38 40 3f 63 14 08 14 63 07 08 70     @ .?@8@?c...c..p
 188:	08 07 61 51 49 45 43 00 7f 41 41 00 02 04 08 10     ..aQIEC..AA.....
 198:	20 00 41 41 7f 00 04 02 01 02 04 40 40 40 40 40      .AA.......@@@@@
 1a8:	00 01 02 04 00 20 54 54 54 78 7f 48 44 44 38 38     ..... TTTx.HDD88
 1b8:	44 44 44 20 38 44 44 48 7f 38 54 54 54 18 08 7e     DDD 8DDH.8TTT..~
 1c8:	09 01 02 0c 52 52 52 3e 7f 08 04 04 78 00 44 7d     ....RRR>....x.D}
 1d8:	40 00 20 40 44 3d 00 7f 10 28 44 00 00 41 7f 40     @. @D=...(D..A.@
 1e8:	00 7c 04 18 04 78 7c 08 04 04 78 38 44 44 44 38     .|...x|...x8DDD8
 1f8:	7c 14 14 14 08 08 14 14 18 7c 7c 08 04 04 08 48     |........||....H
 208:	54 54 54 20 04 3f 44 40 20 3c 40 40 20 7c 1c 20     TTT .?D@ <@@ |. 
 218:	40 20 1c 3c 40 30 40 3c 44 28 10 28 44 0c 50 50     @ .<@0@<D(.(D.PP
 228:	50 3c 44 64 54 4c 44 00 08 36 41 00 00 00 7f 00     P<DdTLD..6A.....
 238:	00 00 41 36 08 00 10 08 08 10 08 00 00 00 00 00     ..A6............

00000248 <__ctors_end>:
 248:	11 24       	eor	r1, r1
 24a:	1f be       	out	0x3f, r1	; 63
 24c:	cf ef       	ldi	r28, 0xFF	; 255
 24e:	d8 e0       	ldi	r29, 0x08	; 8
 250:	de bf       	out	0x3e, r29	; 62
 252:	cd bf       	out	0x3d, r28	; 61

00000254 <__do_copy_data>:
 254:	11 e0       	ldi	r17, 0x01	; 1
 256:	a0 e0       	ldi	r26, 0x00	; 0
 258:	b1 e0       	ldi	r27, 0x01	; 1
 25a:	ea ee       	ldi	r30, 0xEA	; 234
 25c:	f7 e0       	ldi	r31, 0x07	; 7
 25e:	02 c0       	rjmp	.+4      	; 0x264 <__do_copy_data+0x10>
 260:	05 90       	lpm	r0, Z+
 262:	0d 92       	st	X+, r0
 264:	a8 34       	cpi	r26, 0x48	; 72
 266:	b1 07       	cpc	r27, r17
 268:	d9 f7       	brne	.-10     	; 0x260 <__do_copy_data+0xc>

0000026a <__do_clear_bss>:
 26a:	23 e0       	ldi	r18, 0x03	; 3
 26c:	a8 e4       	ldi	r26, 0x48	; 72
 26e:	b1 e0       	ldi	r27, 0x01	; 1
 270:	01 c0       	rjmp	.+2      	; 0x274 <.do_clear_bss_start>

00000272 <.do_clear_bss_loop>:
 272:	1d 92       	st	X+, r1

00000274 <.do_clear_bss_start>:
 274:	ad 38       	cpi	r26, 0x8D	; 141
 276:	b2 07       	cpc	r27, r18
 278:	e1 f7       	brne	.-8      	; 0x272 <.do_clear_bss_loop>
 27a:	0e 94 6a 03 	call	0x6d4	; 0x6d4 <main>
 27e:	0c 94 f3 03 	jmp	0x7e6	; 0x7e6 <_exit>

00000282 <__bad_interrupt>:
 282:	0c 94 00 00 	jmp	0	; 0x0 <__vectors>

00000286 <botaoA>:
 286:	4d 99       	sbic	0x09, 5	; 9
 288:	09 c0       	rjmp	.+18     	; 0x29c <botaoA+0x16>
 28a:	90 e0       	ldi	r25, 0x00	; 0
 28c:	80 e0       	ldi	r24, 0x00	; 0
 28e:	08 95       	ret
 290:	8f e3       	ldi	r24, 0x3F	; 63
 292:	9c e9       	ldi	r25, 0x9C	; 156
 294:	01 97       	sbiw	r24, 0x01	; 1
 296:	f1 f7       	brne	.-4      	; 0x294 <botaoA+0xe>
 298:	00 c0       	rjmp	.+0      	; 0x29a <botaoA+0x14>
 29a:	00 00       	nop
 29c:	4d 99       	sbic	0x09, 5	; 9
 29e:	f8 cf       	rjmp	.-16     	; 0x290 <botaoA+0xa>
 2a0:	81 e0       	ldi	r24, 0x01	; 1
 2a2:	90 e0       	ldi	r25, 0x00	; 0
 2a4:	08 95       	ret

000002a6 <botaoW>:
 2a6:	4e 99       	sbic	0x09, 6	; 9
 2a8:	09 c0       	rjmp	.+18     	; 0x2bc <botaoW+0x16>
 2aa:	90 e0       	ldi	r25, 0x00	; 0
 2ac:	80 e0       	ldi	r24, 0x00	; 0
 2ae:	08 95       	ret
 2b0:	8f e3       	ldi	r24, 0x3F	; 63
 2b2:	9c e9       	ldi	r25, 0x9C	; 156
 2b4:	01 97       	sbiw	r24, 0x01	; 1
 2b6:	f1 f7       	brne	.-4      	; 0x2b4 <botaoW+0xe>
 2b8:	00 c0       	rjmp	.+0      	; 0x2ba <botaoW+0x14>
 2ba:	00 00       	nop
 2bc:	4e 99       	sbic	0x09, 6	; 9
 2be:	f8 cf       	rjmp	.-16     	; 0x2b0 <botaoW+0xa>
 2c0:	81 e0       	ldi	r24, 0x01	; 1
 2c2:	90 e0       	ldi	r25, 0x00	; 0
 2c4:	08 95       	ret

000002c6 <botaoS>:
 2c6:	4f 99       	sbic	0x09, 7	; 9
 2c8:	09 c0       	rjmp	.+18     	; 0x2dc <botaoS+0x16>
 2ca:	90 e0       	ldi	r25, 0x00	; 0
 2cc:	80 e0       	ldi	r24, 0x00	; 0
 2ce:	08 95       	ret
 2d0:	8f e3       	ldi	r24, 0x3F	; 63
 2d2:	9c e9       	ldi	r25, 0x9C	; 156
 2d4:	01 97       	sbiw	r24, 0x01	; 1
 2d6:	f1 f7       	brne	.-4      	; 0x2d4 <botaoS+0xe>
 2d8:	00 c0       	rjmp	.+0      	; 0x2da <botaoS+0x14>
 2da:	00 00       	nop
 2dc:	4f 99       	sbic	0x09, 7	; 9
 2de:	f8 cf       	rjmp	.-16     	; 0x2d0 <botaoS+0xa>
 2e0:	81 e0       	ldi	r24, 0x01	; 1
 2e2:	90 e0       	ldi	r25, 0x00	; 0
 2e4:	08 95       	ret

000002e6 <botaoD>:
 2e6:	18 99       	sbic	0x03, 0	; 3
 2e8:	09 c0       	rjmp	.+18     	; 0x2fc <botaoD+0x16>
 2ea:	90 e0       	ldi	r25, 0x00	; 0
 2ec:	80 e0       	ldi	r24, 0x00	; 0
 2ee:	08 95       	ret
 2f0:	8f e3       	ldi	r24, 0x3F	; 63
 2f2:	9c e9       	ldi	r25, 0x9C	; 156
 2f4:	01 97       	sbiw	r24, 0x01	; 1
 2f6:	f1 f7       	brne	.-4      	; 0x2f4 <botaoD+0xe>
 2f8:	00 c0       	rjmp	.+0      	; 0x2fa <botaoD+0x14>
 2fa:	00 00       	nop
 2fc:	18 99       	sbic	0x03, 0	; 3
 2fe:	f8 cf       	rjmp	.-16     	; 0x2f0 <botaoD+0xa>
 300:	81 e0       	ldi	r24, 0x01	; 1
 302:	90 e0       	ldi	r25, 0x00	; 0
 304:	08 95       	ret

00000306 <printaTela>:
 306:	af 92       	push	r10
 308:	bf 92       	push	r11
 30a:	cf 92       	push	r12
 30c:	df 92       	push	r13
 30e:	ef 92       	push	r14
 310:	ff 92       	push	r15
 312:	1f 93       	push	r17
 314:	cf 93       	push	r28
 316:	df 93       	push	r29
 318:	0e 94 66 02 	call	0x4cc	; 0x4cc <nokia_lcd_clear>
 31c:	96 e0       	ldi	r25, 0x06	; 6
 31e:	e9 2e       	mov	r14, r25
 320:	91 e0       	ldi	r25, 0x01	; 1
 322:	f9 2e       	mov	r15, r25
 324:	10 e0       	ldi	r17, 0x00	; 0
 326:	61 2f       	mov	r22, r17
 328:	80 e0       	ldi	r24, 0x00	; 0
 32a:	0e 94 50 03 	call	0x6a0	; 0x6a0 <nokia_lcd_set_cursor>
 32e:	57 01       	movw	r10, r14
 330:	8a e0       	ldi	r24, 0x0A	; 10
 332:	c8 2e       	mov	r12, r24
 334:	d1 2c       	mov	r13, r1
 336:	f5 01       	movw	r30, r10
 338:	81 91       	ld	r24, Z+
 33a:	5f 01       	movw	r10, r30
 33c:	81 11       	cpse	r24, r1
 33e:	05 c0       	rjmp	.+10     	; 0x34a <printaTela+0x44>
 340:	61 e0       	ldi	r22, 0x01	; 1
 342:	8d e3       	ldi	r24, 0x3D	; 61
 344:	91 e0       	ldi	r25, 0x01	; 1
 346:	0e 94 40 03 	call	0x680	; 0x680 <nokia_lcd_write_string>
 34a:	e5 01       	movw	r28, r10
 34c:	8a 91       	ld	r24, -Y
 34e:	81 30       	cpi	r24, 0x01	; 1
 350:	29 f4       	brne	.+10     	; 0x35c <printaTela+0x56>
 352:	61 e0       	ldi	r22, 0x01	; 1
 354:	8f e3       	ldi	r24, 0x3F	; 63
 356:	91 e0       	ldi	r25, 0x01	; 1
 358:	0e 94 40 03 	call	0x680	; 0x680 <nokia_lcd_write_string>
 35c:	88 81       	ld	r24, Y
 35e:	82 30       	cpi	r24, 0x02	; 2
 360:	29 f4       	brne	.+10     	; 0x36c <printaTela+0x66>
 362:	61 e0       	ldi	r22, 0x01	; 1
 364:	81 e4       	ldi	r24, 0x41	; 65
 366:	91 e0       	ldi	r25, 0x01	; 1
 368:	0e 94 40 03 	call	0x680	; 0x680 <nokia_lcd_write_string>
 36c:	88 81       	ld	r24, Y
 36e:	83 30       	cpi	r24, 0x03	; 3
 370:	29 f4       	brne	.+10     	; 0x37c <printaTela+0x76>
 372:	61 e0       	ldi	r22, 0x01	; 1
 374:	83 e4       	ldi	r24, 0x43	; 67
 376:	91 e0       	ldi	r25, 0x01	; 1
 378:	0e 94 40 03 	call	0x680	; 0x680 <nokia_lcd_write_string>
 37c:	88 81       	ld	r24, Y
 37e:	84 30       	cpi	r24, 0x04	; 4
 380:	29 f4       	brne	.+10     	; 0x38c <printaTela+0x86>
 382:	61 e0       	ldi	r22, 0x01	; 1
 384:	85 e4       	ldi	r24, 0x45	; 69
 386:	91 e0       	ldi	r25, 0x01	; 1
 388:	0e 94 40 03 	call	0x680	; 0x680 <nokia_lcd_write_string>
 38c:	f1 e0       	ldi	r31, 0x01	; 1
 38e:	cf 1a       	sub	r12, r31
 390:	d1 08       	sbc	r13, r1
 392:	89 f6       	brne	.-94     	; 0x336 <printaTela+0x30>
 394:	17 5f       	subi	r17, 0xF7	; 247
 396:	8a e0       	ldi	r24, 0x0A	; 10
 398:	e8 0e       	add	r14, r24
 39a:	f1 1c       	adc	r15, r1
 39c:	1d 32       	cpi	r17, 0x2D	; 45
 39e:	19 f6       	brne	.-122    	; 0x326 <printaTela+0x20>
 3a0:	df 91       	pop	r29
 3a2:	cf 91       	pop	r28
 3a4:	1f 91       	pop	r17
 3a6:	ff 90       	pop	r15
 3a8:	ef 90       	pop	r14
 3aa:	df 90       	pop	r13
 3ac:	cf 90       	pop	r12
 3ae:	bf 90       	pop	r11
 3b0:	af 90       	pop	r10
 3b2:	0c 94 55 03 	jmp	0x6aa	; 0x6aa <nokia_lcd_render>

000003b6 <inserePacman>:
 3b6:	86 e0       	ldi	r24, 0x06	; 6
 3b8:	91 e0       	ldi	r25, 0x01	; 1
 3ba:	fc 01       	movw	r30, r24
 3bc:	2a e0       	ldi	r18, 0x0A	; 10
 3be:	30 e0       	ldi	r19, 0x00	; 0
 3c0:	41 91       	ld	r20, Z+
 3c2:	43 30       	cpi	r20, 0x03	; 3
 3c4:	19 f4       	brne	.+6      	; 0x3cc <inserePacman+0x16>
 3c6:	df 01       	movw	r26, r30
 3c8:	11 97       	sbiw	r26, 0x01	; 1
 3ca:	1c 92       	st	X, r1
 3cc:	21 50       	subi	r18, 0x01	; 1
 3ce:	31 09       	sbc	r19, r1
 3d0:	b9 f7       	brne	.-18     	; 0x3c0 <inserePacman+0xa>
 3d2:	0a 96       	adiw	r24, 0x0a	; 10
 3d4:	21 e0       	ldi	r18, 0x01	; 1
 3d6:	88 33       	cpi	r24, 0x38	; 56
 3d8:	92 07       	cpc	r25, r18
 3da:	79 f7       	brne	.-34     	; 0x3ba <inserePacman+0x4>
 3dc:	80 91 00 01 	lds	r24, 0x0100	; 0x800100 <posX>
 3e0:	90 91 01 01 	lds	r25, 0x0101	; 0x800101 <posX+0x1>
 3e4:	2a e0       	ldi	r18, 0x0A	; 10
 3e6:	28 9f       	mul	r18, r24
 3e8:	f0 01       	movw	r30, r0
 3ea:	29 9f       	mul	r18, r25
 3ec:	f0 0d       	add	r31, r0
 3ee:	11 24       	eor	r1, r1
 3f0:	ea 5f       	subi	r30, 0xFA	; 250
 3f2:	fe 4f       	sbci	r31, 0xFE	; 254
 3f4:	80 91 4c 01 	lds	r24, 0x014C	; 0x80014c <posY>
 3f8:	90 91 4d 01 	lds	r25, 0x014D	; 0x80014d <posY+0x1>
 3fc:	e8 0f       	add	r30, r24
 3fe:	f9 1f       	adc	r31, r25
 400:	80 91 03 01 	lds	r24, 0x0103	; 0x800103 <pacman>
 404:	80 83       	st	Z, r24
 406:	08 95       	ret

00000408 <write>:
 408:	29 98       	cbi	0x05, 1	; 5
 40a:	66 23       	and	r22, r22
 40c:	a9 f0       	breq	.+42     	; 0x438 <write+0x30>
 40e:	2b 9a       	sbi	0x05, 3	; 5
 410:	27 e0       	ldi	r18, 0x07	; 7
 412:	30 e0       	ldi	r19, 0x00	; 0
 414:	90 e0       	ldi	r25, 0x00	; 0
 416:	ac 01       	movw	r20, r24
 418:	02 2e       	mov	r0, r18
 41a:	02 c0       	rjmp	.+4      	; 0x420 <write+0x18>
 41c:	55 95       	asr	r21
 41e:	47 95       	ror	r20
 420:	0a 94       	dec	r0
 422:	e2 f7       	brpl	.-8      	; 0x41c <write+0x14>
 424:	40 ff       	sbrs	r20, 0
 426:	0a c0       	rjmp	.+20     	; 0x43c <write+0x34>
 428:	2c 9a       	sbi	0x05, 4	; 5
 42a:	2d 9a       	sbi	0x05, 5	; 5
 42c:	2d 98       	cbi	0x05, 5	; 5
 42e:	21 50       	subi	r18, 0x01	; 1
 430:	31 09       	sbc	r19, r1
 432:	88 f7       	brcc	.-30     	; 0x416 <write+0xe>
 434:	29 9a       	sbi	0x05, 1	; 5
 436:	08 95       	ret
 438:	2b 98       	cbi	0x05, 3	; 5
 43a:	ea cf       	rjmp	.-44     	; 0x410 <write+0x8>
 43c:	2c 98       	cbi	0x05, 4	; 5
 43e:	f5 cf       	rjmp	.-22     	; 0x42a <write+0x22>

00000440 <write_cmd>:
 440:	60 e0       	ldi	r22, 0x00	; 0
 442:	0c 94 04 02 	jmp	0x408	; 0x408 <write>

00000446 <nokia_lcd_init>:
 446:	cf 93       	push	r28
 448:	df 93       	push	r29
 44a:	21 9a       	sbi	0x04, 1	; 4
 44c:	22 9a       	sbi	0x04, 2	; 4
 44e:	23 9a       	sbi	0x04, 3	; 4
 450:	24 9a       	sbi	0x04, 4	; 4
 452:	25 9a       	sbi	0x04, 5	; 4
 454:	2a 9a       	sbi	0x05, 2	; 5
 456:	29 9a       	sbi	0x05, 1	; 5
 458:	8f e3       	ldi	r24, 0x3F	; 63
 45a:	9c e9       	ldi	r25, 0x9C	; 156
 45c:	01 97       	sbiw	r24, 0x01	; 1
 45e:	f1 f7       	brne	.-4      	; 0x45c <nokia_lcd_init+0x16>
 460:	00 c0       	rjmp	.+0      	; 0x462 <nokia_lcd_init+0x1c>
 462:	00 00       	nop
 464:	2a 98       	cbi	0x05, 2	; 5
 466:	9f ef       	ldi	r25, 0xFF	; 255
 468:	2a e6       	ldi	r18, 0x6A	; 106
 46a:	83 e0       	ldi	r24, 0x03	; 3
 46c:	91 50       	subi	r25, 0x01	; 1
 46e:	20 40       	sbci	r18, 0x00	; 0
 470:	80 40       	sbci	r24, 0x00	; 0
 472:	e1 f7       	brne	.-8      	; 0x46c <nokia_lcd_init+0x26>
 474:	00 c0       	rjmp	.+0      	; 0x476 <nokia_lcd_init+0x30>
 476:	00 00       	nop
 478:	2a 9a       	sbi	0x05, 2	; 5
 47a:	29 98       	cbi	0x05, 1	; 5
 47c:	81 e2       	ldi	r24, 0x21	; 33
 47e:	0e 94 20 02 	call	0x440	; 0x440 <write_cmd>
 482:	83 e1       	ldi	r24, 0x13	; 19
 484:	0e 94 20 02 	call	0x440	; 0x440 <write_cmd>
 488:	86 e0       	ldi	r24, 0x06	; 6
 48a:	0e 94 20 02 	call	0x440	; 0x440 <write_cmd>
 48e:	82 ec       	ldi	r24, 0xC2	; 194
 490:	0e 94 20 02 	call	0x440	; 0x440 <write_cmd>
 494:	80 e2       	ldi	r24, 0x20	; 32
 496:	0e 94 20 02 	call	0x440	; 0x440 <write_cmd>
 49a:	89 e0       	ldi	r24, 0x09	; 9
 49c:	0e 94 20 02 	call	0x440	; 0x440 <write_cmd>
 4a0:	80 e8       	ldi	r24, 0x80	; 128
 4a2:	0e 94 20 02 	call	0x440	; 0x440 <write_cmd>
 4a6:	80 e4       	ldi	r24, 0x40	; 64
 4a8:	0e 94 20 02 	call	0x440	; 0x440 <write_cmd>
 4ac:	c8 ef       	ldi	r28, 0xF8	; 248
 4ae:	d1 e0       	ldi	r29, 0x01	; 1
 4b0:	61 e0       	ldi	r22, 0x01	; 1
 4b2:	80 e0       	ldi	r24, 0x00	; 0
 4b4:	0e 94 04 02 	call	0x408	; 0x408 <write>
 4b8:	21 97       	sbiw	r28, 0x01	; 1
 4ba:	d1 f7       	brne	.-12     	; 0x4b0 <nokia_lcd_init+0x6a>
 4bc:	88 e0       	ldi	r24, 0x08	; 8
 4be:	0e 94 20 02 	call	0x440	; 0x440 <write_cmd>
 4c2:	8c e0       	ldi	r24, 0x0C	; 12
 4c4:	df 91       	pop	r29
 4c6:	cf 91       	pop	r28
 4c8:	0c 94 20 02 	jmp	0x440	; 0x440 <write_cmd>

000004cc <nokia_lcd_clear>:
 4cc:	80 e8       	ldi	r24, 0x80	; 128
 4ce:	0e 94 20 02 	call	0x440	; 0x440 <write_cmd>
 4d2:	80 e4       	ldi	r24, 0x40	; 64
 4d4:	0e 94 20 02 	call	0x440	; 0x440 <write_cmd>
 4d8:	10 92 8b 03 	sts	0x038B, r1	; 0x80038b <nokia_lcd+0x1f8>
 4dc:	10 92 8c 03 	sts	0x038C, r1	; 0x80038c <nokia_lcd+0x1f9>
 4e0:	e3 e9       	ldi	r30, 0x93	; 147
 4e2:	f1 e0       	ldi	r31, 0x01	; 1
 4e4:	88 ef       	ldi	r24, 0xF8	; 248
 4e6:	91 e0       	ldi	r25, 0x01	; 1
 4e8:	df 01       	movw	r26, r30
 4ea:	9c 01       	movw	r18, r24
 4ec:	1d 92       	st	X+, r1
 4ee:	21 50       	subi	r18, 0x01	; 1
 4f0:	30 40       	sbci	r19, 0x00	; 0
 4f2:	e1 f7       	brne	.-8      	; 0x4ec <nokia_lcd_clear+0x20>
 4f4:	08 95       	ret

000004f6 <nokia_lcd_power>:
 4f6:	81 11       	cpse	r24, r1
 4f8:	03 c0       	rjmp	.+6      	; 0x500 <nokia_lcd_power+0xa>
 4fa:	84 e2       	ldi	r24, 0x24	; 36
 4fc:	0c 94 20 02 	jmp	0x440	; 0x440 <write_cmd>
 500:	80 e2       	ldi	r24, 0x20	; 32
 502:	fc cf       	rjmp	.-8      	; 0x4fc <nokia_lcd_power+0x6>

00000504 <nokia_lcd_set_pixel>:
 504:	96 2f       	mov	r25, r22
 506:	96 95       	lsr	r25
 508:	96 95       	lsr	r25
 50a:	96 95       	lsr	r25
 50c:	e8 2f       	mov	r30, r24
 50e:	f0 e0       	ldi	r31, 0x00	; 0
 510:	84 e5       	ldi	r24, 0x54	; 84
 512:	98 9f       	mul	r25, r24
 514:	e0 0d       	add	r30, r0
 516:	f1 1d       	adc	r31, r1
 518:	11 24       	eor	r1, r1
 51a:	ed 56       	subi	r30, 0x6D	; 109
 51c:	fe 4f       	sbci	r31, 0xFE	; 254
 51e:	20 81       	ld	r18, Z
 520:	67 70       	andi	r22, 0x07	; 7
 522:	81 e0       	ldi	r24, 0x01	; 1
 524:	90 e0       	ldi	r25, 0x00	; 0
 526:	01 c0       	rjmp	.+2      	; 0x52a <nokia_lcd_set_pixel+0x26>
 528:	88 0f       	add	r24, r24
 52a:	6a 95       	dec	r22
 52c:	ea f7       	brpl	.-6      	; 0x528 <nokia_lcd_set_pixel+0x24>
 52e:	44 23       	and	r20, r20
 530:	19 f0       	breq	.+6      	; 0x538 <nokia_lcd_set_pixel+0x34>
 532:	28 2b       	or	r18, r24
 534:	20 83       	st	Z, r18
 536:	08 95       	ret
 538:	80 95       	com	r24
 53a:	28 23       	and	r18, r24
 53c:	fb cf       	rjmp	.-10     	; 0x534 <nokia_lcd_set_pixel+0x30>

0000053e <nokia_lcd_write_char>:
 53e:	8f 92       	push	r8
 540:	9f 92       	push	r9
 542:	af 92       	push	r10
 544:	bf 92       	push	r11
 546:	df 92       	push	r13
 548:	ef 92       	push	r14
 54a:	ff 92       	push	r15
 54c:	0f 93       	push	r16
 54e:	1f 93       	push	r17
 550:	cf 93       	push	r28
 552:	df 93       	push	r29
 554:	00 d0       	rcall	.+0      	; 0x556 <nokia_lcd_write_char+0x18>
 556:	00 d0       	rcall	.+0      	; 0x558 <nokia_lcd_write_char+0x1a>
 558:	0f 92       	push	r0
 55a:	cd b7       	in	r28, 0x3d	; 61
 55c:	de b7       	in	r29, 0x3e	; 62
 55e:	e8 2f       	mov	r30, r24
 560:	f6 2e       	mov	r15, r22
 562:	80 32       	cpi	r24, 0x20	; 32
 564:	0c f4       	brge	.+2      	; 0x568 <nokia_lcd_write_char+0x2a>
 566:	4d c0       	rjmp	.+154    	; 0x602 <nokia_lcd_write_char+0xc4>
 568:	e0 52       	subi	r30, 0x20	; 32
 56a:	85 e0       	ldi	r24, 0x05	; 5
 56c:	e8 02       	muls	r30, r24
 56e:	b0 01       	movw	r22, r0
 570:	11 24       	eor	r1, r1
 572:	68 59       	subi	r22, 0x98	; 152
 574:	7f 4f       	sbci	r23, 0xFF	; 255
 576:	45 e0       	ldi	r20, 0x05	; 5
 578:	50 e0       	ldi	r21, 0x00	; 0
 57a:	ce 01       	movw	r24, r28
 57c:	01 96       	adiw	r24, 0x01	; 1
 57e:	0e 94 ea 03 	call	0x7d4	; 0x7d4 <memcpy_P>
 582:	8e 01       	movw	r16, r28
 584:	0f 5f       	subi	r16, 0xFF	; 255
 586:	1f 4f       	sbci	r17, 0xFF	; 255
 588:	95 e0       	ldi	r25, 0x05	; 5
 58a:	f9 9e       	mul	r15, r25
 58c:	50 01       	movw	r10, r0
 58e:	11 24       	eor	r1, r1
 590:	87 e0       	ldi	r24, 0x07	; 7
 592:	f8 9e       	mul	r15, r24
 594:	40 01       	movw	r8, r0
 596:	11 24       	eor	r1, r1
 598:	e1 2c       	mov	r14, r1
 59a:	ea 14       	cp	r14, r10
 59c:	1b 04       	cpc	r1, r11
 59e:	0c f4       	brge	.+2      	; 0x5a2 <nokia_lcd_write_char+0x64>
 5a0:	63 c0       	rjmp	.+198    	; 0x668 <nokia_lcd_write_char+0x12a>
 5a2:	80 91 8b 03 	lds	r24, 0x038B	; 0x80038b <nokia_lcd+0x1f8>
 5a6:	8f 5f       	subi	r24, 0xFF	; 255
 5a8:	9f 2d       	mov	r25, r15
 5aa:	99 0f       	add	r25, r25
 5ac:	99 0f       	add	r25, r25
 5ae:	9f 0d       	add	r25, r15
 5b0:	89 0f       	add	r24, r25
 5b2:	80 93 8b 03 	sts	0x038B, r24	; 0x80038b <nokia_lcd+0x1f8>
 5b6:	84 35       	cpi	r24, 0x54	; 84
 5b8:	58 f0       	brcs	.+22     	; 0x5d0 <nokia_lcd_write_char+0x92>
 5ba:	80 91 8c 03 	lds	r24, 0x038C	; 0x80038c <nokia_lcd+0x1f9>
 5be:	10 92 8b 03 	sts	0x038B, r1	; 0x80038b <nokia_lcd+0x1f8>
 5c2:	8f 5f       	subi	r24, 0xFF	; 255
 5c4:	97 e0       	ldi	r25, 0x07	; 7
 5c6:	f9 9e       	mul	r15, r25
 5c8:	80 0d       	add	r24, r0
 5ca:	11 24       	eor	r1, r1
 5cc:	80 93 8c 03 	sts	0x038C, r24	; 0x80038c <nokia_lcd+0x1f9>
 5d0:	80 91 8c 03 	lds	r24, 0x038C	; 0x80038c <nokia_lcd+0x1f9>
 5d4:	80 33       	cpi	r24, 0x30	; 48
 5d6:	20 f0       	brcs	.+8      	; 0x5e0 <nokia_lcd_write_char+0xa2>
 5d8:	10 92 8b 03 	sts	0x038B, r1	; 0x80038b <nokia_lcd+0x1f8>
 5dc:	10 92 8c 03 	sts	0x038C, r1	; 0x80038c <nokia_lcd+0x1f9>
 5e0:	0f 90       	pop	r0
 5e2:	0f 90       	pop	r0
 5e4:	0f 90       	pop	r0
 5e6:	0f 90       	pop	r0
 5e8:	0f 90       	pop	r0
 5ea:	df 91       	pop	r29
 5ec:	cf 91       	pop	r28
 5ee:	1f 91       	pop	r17
 5f0:	0f 91       	pop	r16
 5f2:	ff 90       	pop	r15
 5f4:	ef 90       	pop	r14
 5f6:	df 90       	pop	r13
 5f8:	bf 90       	pop	r11
 5fa:	af 90       	pop	r10
 5fc:	9f 90       	pop	r9
 5fe:	8f 90       	pop	r8
 600:	08 95       	ret
 602:	ee 0f       	add	r30, r30
 604:	ff 0b       	sbc	r31, r31
 606:	ed 5a       	subi	r30, 0xAD	; 173
 608:	fe 4f       	sbci	r31, 0xFE	; 254
 60a:	00 81       	ld	r16, Z
 60c:	11 81       	ldd	r17, Z+1	; 0x01
 60e:	01 15       	cp	r16, r1
 610:	11 05       	cpc	r17, r1
 612:	09 f0       	breq	.+2      	; 0x616 <nokia_lcd_write_char+0xd8>
 614:	b9 cf       	rjmp	.-142    	; 0x588 <nokia_lcd_write_char+0x4a>
 616:	45 e0       	ldi	r20, 0x05	; 5
 618:	50 e0       	ldi	r21, 0x00	; 0
 61a:	68 e6       	ldi	r22, 0x68	; 104
 61c:	70 e0       	ldi	r23, 0x00	; 0
 61e:	ad cf       	rjmp	.-166    	; 0x57a <nokia_lcd_write_char+0x3c>
 620:	ed 0d       	add	r30, r13
 622:	5e 0d       	add	r21, r14
 624:	8e 2d       	mov	r24, r14
 626:	6f 2d       	mov	r22, r15
 628:	0e 94 de 03 	call	0x7bc	; 0x7bc <__udivmodqi4>
 62c:	d8 01       	movw	r26, r16
 62e:	a8 0f       	add	r26, r24
 630:	b1 1d       	adc	r27, r1
 632:	2c 91       	ld	r18, X
 634:	30 e0       	ldi	r19, 0x00	; 0
 636:	8d 2d       	mov	r24, r13
 638:	0e 94 de 03 	call	0x7bc	; 0x7bc <__udivmodqi4>
 63c:	02 c0       	rjmp	.+4      	; 0x642 <nokia_lcd_write_char+0x104>
 63e:	35 95       	asr	r19
 640:	27 95       	ror	r18
 642:	8a 95       	dec	r24
 644:	e2 f7       	brpl	.-8      	; 0x63e <nokia_lcd_write_char+0x100>
 646:	41 e0       	ldi	r20, 0x01	; 1
 648:	20 ff       	sbrs	r18, 0
 64a:	40 e0       	ldi	r20, 0x00	; 0
 64c:	6e 2f       	mov	r22, r30
 64e:	85 2f       	mov	r24, r21
 650:	0e 94 82 02 	call	0x504	; 0x504 <nokia_lcd_set_pixel>
 654:	d3 94       	inc	r13
 656:	e0 91 8c 03 	lds	r30, 0x038C	; 0x80038c <nokia_lcd+0x1f9>
 65a:	50 91 8b 03 	lds	r21, 0x038B	; 0x80038b <nokia_lcd+0x1f8>
 65e:	d8 14       	cp	r13, r8
 660:	19 04       	cpc	r1, r9
 662:	f4 f2       	brlt	.-68     	; 0x620 <nokia_lcd_write_char+0xe2>
 664:	e3 94       	inc	r14
 666:	99 cf       	rjmp	.-206    	; 0x59a <nokia_lcd_write_char+0x5c>
 668:	d1 2c       	mov	r13, r1
 66a:	f5 cf       	rjmp	.-22     	; 0x656 <nokia_lcd_write_char+0x118>

0000066c <nokia_lcd_custom>:
 66c:	e8 2f       	mov	r30, r24
 66e:	80 32       	cpi	r24, 0x20	; 32
 670:	34 f4       	brge	.+12     	; 0x67e <nokia_lcd_custom+0x12>
 672:	ee 0f       	add	r30, r30
 674:	ff 0b       	sbc	r31, r31
 676:	ed 5a       	subi	r30, 0xAD	; 173
 678:	fe 4f       	sbci	r31, 0xFE	; 254
 67a:	71 83       	std	Z+1, r23	; 0x01
 67c:	60 83       	st	Z, r22
 67e:	08 95       	ret

00000680 <nokia_lcd_write_string>:
 680:	1f 93       	push	r17
 682:	cf 93       	push	r28
 684:	df 93       	push	r29
 686:	16 2f       	mov	r17, r22
 688:	ec 01       	movw	r28, r24
 68a:	89 91       	ld	r24, Y+
 68c:	81 11       	cpse	r24, r1
 68e:	04 c0       	rjmp	.+8      	; 0x698 <nokia_lcd_write_string+0x18>
 690:	df 91       	pop	r29
 692:	cf 91       	pop	r28
 694:	1f 91       	pop	r17
 696:	08 95       	ret
 698:	61 2f       	mov	r22, r17
 69a:	0e 94 9f 02 	call	0x53e	; 0x53e <nokia_lcd_write_char>
 69e:	f5 cf       	rjmp	.-22     	; 0x68a <nokia_lcd_write_string+0xa>

000006a0 <nokia_lcd_set_cursor>:
 6a0:	80 93 8b 03 	sts	0x038B, r24	; 0x80038b <nokia_lcd+0x1f8>
 6a4:	60 93 8c 03 	sts	0x038C, r22	; 0x80038c <nokia_lcd+0x1f9>
 6a8:	08 95       	ret

000006aa <nokia_lcd_render>:
 6aa:	cf 93       	push	r28
 6ac:	df 93       	push	r29
 6ae:	80 e8       	ldi	r24, 0x80	; 128
 6b0:	0e 94 20 02 	call	0x440	; 0x440 <write_cmd>
 6b4:	80 e4       	ldi	r24, 0x40	; 64
 6b6:	0e 94 20 02 	call	0x440	; 0x440 <write_cmd>
 6ba:	c3 e9       	ldi	r28, 0x93	; 147
 6bc:	d1 e0       	ldi	r29, 0x01	; 1
 6be:	61 e0       	ldi	r22, 0x01	; 1
 6c0:	89 91       	ld	r24, Y+
 6c2:	0e 94 04 02 	call	0x408	; 0x408 <write>
 6c6:	83 e0       	ldi	r24, 0x03	; 3
 6c8:	cb 38       	cpi	r28, 0x8B	; 139
 6ca:	d8 07       	cpc	r29, r24
 6cc:	c1 f7       	brne	.-16     	; 0x6be <nokia_lcd_render+0x14>
 6ce:	df 91       	pop	r29
 6d0:	cf 91       	pop	r28
 6d2:	08 95       	ret

000006d4 <main>:
 6d4:	52 9a       	sbi	0x0a, 2	; 10
 6d6:	53 9a       	sbi	0x0a, 3	; 10
 6d8:	54 9a       	sbi	0x0a, 4	; 10
 6da:	20 98       	cbi	0x04, 0	; 4
 6dc:	57 98       	cbi	0x0a, 7	; 10
 6de:	56 98       	cbi	0x0a, 6	; 10
 6e0:	55 98       	cbi	0x0a, 5	; 10
 6e2:	0e 94 23 02 	call	0x446	; 0x446 <nokia_lcd_init>
 6e6:	0e 94 66 02 	call	0x4cc	; 0x4cc <nokia_lcd_clear>
 6ea:	68 e3       	ldi	r22, 0x38	; 56
 6ec:	71 e0       	ldi	r23, 0x01	; 1
 6ee:	81 e0       	ldi	r24, 0x01	; 1
 6f0:	0e 94 36 03 	call	0x66c	; 0x66c <nokia_lcd_custom>
 6f4:	0e 94 83 01 	call	0x306	; 0x306 <printaTela>
 6f8:	60 91 4c 01 	lds	r22, 0x014C	; 0x80014c <posY>
 6fc:	70 91 4d 01 	lds	r23, 0x014D	; 0x80014d <posY+0x1>
 700:	80 91 00 01 	lds	r24, 0x0100	; 0x800100 <posX>
 704:	90 91 01 01 	lds	r25, 0x0101	; 0x800101 <posX+0x1>
 708:	0e 94 db 01 	call	0x3b6	; 0x3b6 <inserePacman>
 70c:	0e 94 83 01 	call	0x306	; 0x306 <printaTela>
 710:	ca e0       	ldi	r28, 0x0A	; 10
 712:	0e 94 53 01 	call	0x2a6	; 0x2a6 <botaoW>
 716:	01 97       	sbiw	r24, 0x01	; 1
 718:	f1 f4       	brne	.+60     	; 0x756 <main+0x82>
 71a:	80 91 4c 01 	lds	r24, 0x014C	; 0x80014c <posY>
 71e:	90 91 4d 01 	lds	r25, 0x014D	; 0x80014d <posY+0x1>
 722:	01 97       	sbiw	r24, 0x01	; 1
 724:	20 91 00 01 	lds	r18, 0x0100	; 0x800100 <posX>
 728:	30 91 01 01 	lds	r19, 0x0101	; 0x800101 <posX+0x1>
 72c:	c2 9f       	mul	r28, r18
 72e:	f0 01       	movw	r30, r0
 730:	c3 9f       	mul	r28, r19
 732:	f0 0d       	add	r31, r0
 734:	11 24       	eor	r1, r1
 736:	ea 5f       	subi	r30, 0xFA	; 250
 738:	fe 4f       	sbci	r31, 0xFE	; 254
 73a:	e8 0f       	add	r30, r24
 73c:	f9 1f       	adc	r31, r25
 73e:	20 81       	ld	r18, Z
 740:	21 30       	cpi	r18, 0x01	; 1
 742:	39 f3       	breq	.-50     	; 0x712 <main+0x3e>
 744:	90 93 4d 01 	sts	0x014D, r25	; 0x80014d <posY+0x1>
 748:	80 93 4c 01 	sts	0x014C, r24	; 0x80014c <posY>
 74c:	0e 94 db 01 	call	0x3b6	; 0x3b6 <inserePacman>
 750:	0e 94 83 01 	call	0x306	; 0x306 <printaTela>
 754:	de cf       	rjmp	.-68     	; 0x712 <main+0x3e>
 756:	0e 94 43 01 	call	0x286	; 0x286 <botaoA>
 75a:	01 97       	sbiw	r24, 0x01	; 1
 75c:	d1 f4       	brne	.+52     	; 0x792 <main+0xbe>
 75e:	80 91 00 01 	lds	r24, 0x0100	; 0x800100 <posX>
 762:	90 91 01 01 	lds	r25, 0x0101	; 0x800101 <posX+0x1>
 766:	01 97       	sbiw	r24, 0x01	; 1
 768:	c8 9f       	mul	r28, r24
 76a:	f0 01       	movw	r30, r0
 76c:	c9 9f       	mul	r28, r25
 76e:	f0 0d       	add	r31, r0
 770:	11 24       	eor	r1, r1
 772:	ea 5f       	subi	r30, 0xFA	; 250
 774:	fe 4f       	sbci	r31, 0xFE	; 254
 776:	20 91 4c 01 	lds	r18, 0x014C	; 0x80014c <posY>
 77a:	30 91 4d 01 	lds	r19, 0x014D	; 0x80014d <posY+0x1>
 77e:	e2 0f       	add	r30, r18
 780:	f3 1f       	adc	r31, r19
 782:	20 81       	ld	r18, Z
 784:	21 30       	cpi	r18, 0x01	; 1
 786:	29 f2       	breq	.-118    	; 0x712 <main+0x3e>
 788:	90 93 01 01 	sts	0x0101, r25	; 0x800101 <posX+0x1>
 78c:	80 93 00 01 	sts	0x0100, r24	; 0x800100 <posX>
 790:	dd cf       	rjmp	.-70     	; 0x74c <main+0x78>
 792:	0e 94 63 01 	call	0x2c6	; 0x2c6 <botaoS>
 796:	01 97       	sbiw	r24, 0x01	; 1
 798:	31 f4       	brne	.+12     	; 0x7a6 <main+0xd2>
 79a:	80 91 4c 01 	lds	r24, 0x014C	; 0x80014c <posY>
 79e:	90 91 4d 01 	lds	r25, 0x014D	; 0x80014d <posY+0x1>
 7a2:	01 96       	adiw	r24, 0x01	; 1
 7a4:	bf cf       	rjmp	.-130    	; 0x724 <main+0x50>
 7a6:	0e 94 73 01 	call	0x2e6	; 0x2e6 <botaoD>
 7aa:	01 97       	sbiw	r24, 0x01	; 1
 7ac:	09 f0       	breq	.+2      	; 0x7b0 <main+0xdc>
 7ae:	b1 cf       	rjmp	.-158    	; 0x712 <main+0x3e>
 7b0:	80 91 00 01 	lds	r24, 0x0100	; 0x800100 <posX>
 7b4:	90 91 01 01 	lds	r25, 0x0101	; 0x800101 <posX+0x1>
 7b8:	01 96       	adiw	r24, 0x01	; 1
 7ba:	d6 cf       	rjmp	.-84     	; 0x768 <main+0x94>

000007bc <__udivmodqi4>:
 7bc:	99 1b       	sub	r25, r25
 7be:	79 e0       	ldi	r23, 0x09	; 9
 7c0:	04 c0       	rjmp	.+8      	; 0x7ca <__udivmodqi4_ep>

000007c2 <__udivmodqi4_loop>:
 7c2:	99 1f       	adc	r25, r25
 7c4:	96 17       	cp	r25, r22
 7c6:	08 f0       	brcs	.+2      	; 0x7ca <__udivmodqi4_ep>
 7c8:	96 1b       	sub	r25, r22

000007ca <__udivmodqi4_ep>:
 7ca:	88 1f       	adc	r24, r24
 7cc:	7a 95       	dec	r23
 7ce:	c9 f7       	brne	.-14     	; 0x7c2 <__udivmodqi4_loop>
 7d0:	80 95       	com	r24
 7d2:	08 95       	ret

000007d4 <memcpy_P>:
 7d4:	fb 01       	movw	r30, r22
 7d6:	dc 01       	movw	r26, r24
 7d8:	02 c0       	rjmp	.+4      	; 0x7de <memcpy_P+0xa>
 7da:	05 90       	lpm	r0, Z+
 7dc:	0d 92       	st	X+, r0
 7de:	41 50       	subi	r20, 0x01	; 1
 7e0:	50 40       	sbci	r21, 0x00	; 0
 7e2:	d8 f7       	brcc	.-10     	; 0x7da <memcpy_P+0x6>
 7e4:	08 95       	ret

000007e6 <_exit>:
 7e6:	f8 94       	cli

000007e8 <__stop_program>:
 7e8:	ff cf       	rjmp	.-2      	; 0x7e8 <__stop_program>
